app/seeds.txt
com.kgeun.themeparkers.custom.TPBaseDialog: TPBaseDialog()
com.kgeun.themeparkers.data.AppDatabase: AppDatabase()
com.kgeun.themeparkers.workers.AttractionDatabaseWorker: AttractionDatabaseWorker(android.content.Context,androidx.work.WorkerParameters)
com.kgeun.themeparkers.TPMainActivity: void setActivityView(android.view.View)
com.kgeun.themeparkers.data.AppDatabase
com.kgeun.themeparkers.custom.TPAppInfoDialog
com.kgeun.themeparkers.view.TPImageViewerActivity
com.kgeun.themeparkers.view.TPAttractionActivity
com.kgeun.themeparkers.util.DeviceBootReceiver
com.kgeun.themeparkers.util.AlarmReceiver
com.kgeun.themeparkers.TPBaseActivity: TPBaseActivity()
com.kgeun.themeparkers.util.AlarmReceiver: AlarmReceiver()
com.kgeun.themeparkers.view.TPChartActivity: TPChartActivity()
com.kgeun.themeparkers.view.TPAttractionActivity: void setActivityView(android.view.View)
com.kgeun.themeparkers.network.KR_EVLService
com.kgeun.themeparkers.workers.ThemeparkDatabaseWorker: ThemeparkDatabaseWorker(android.content.Context,androidx.work.WorkerParameters)
com.kgeun.themeparkers.TPMainActivity: TPMainActivity()
com.kgeun.themeparkers.TPMainActivity
com.kgeun.themeparkers.AlarmService
com.kgeun.themeparkers.util.DeviceBootReceiver: DeviceBootReceiver()
com.kgeun.themeparkers.TPBaseActivity
com.kgeun.themeparkers.network.KR_LTWService
com.kgeun.themeparkers.view.TPImageViewerActivity: TPImageViewerActivity()
com.kgeun.themeparkers.data.AppDatabase_Impl: AppDatabase_Impl()
com.kgeun.themeparkers.workers.AttractionDatabaseWorker
com.kgeun.themeparkers.TPApplication
com.kgeun.themeparkers.TPApplication: TPApplication()
com.kgeun.themeparkers.viewmodels.AttractionViewModel
com.kgeun.themeparkers.data.AppDatabase_Impl
com.kgeun.themeparkers.view.TPIntroActivity
com.kgeun.themeparkers.custom.TPAppInfoDialog: TPAppInfoDialog()
com.kgeun.themeparkers.viewmodels.ThemeparkViewModel
com.kgeun.themeparkers.DataBinderMapperImpl
com.kgeun.themeparkers.network.TPService
com.kgeun.themeparkers.view.TPIntroActivity: TPIntroActivity()
com.kgeun.themeparkers.view.TPAttractionActivity: TPAttractionActivity()
com.kgeun.themeparkers.view.TPAlarmActivity
com.kgeun.themeparkers.view.TPAlarmActivity: TPAlarmActivity()
com.kgeun.themeparkers.custom.TPBaseDialog
com.kgeun.themeparkers.view.TPAttractionActivity: void collapse(android.view.View)
com.kgeun.themeparkers.AlarmService: AlarmService()
com.kgeun.themeparkers.workers.ThemeparkDatabaseWorker
com.kgeun.themeparkers.viewmodels.GoogleViewModel
com.kgeun.themeparkers.view.TPIntroActivity: void setActivityView(android.view.View)
com.kgeun.themeparkers.DataBinderMapperImpl: DataBinderMapperImpl()
com.kgeun.themeparkers.view.TPChartActivity
...
com.google.android.gms.common.internal.BinderWrapper
com.google.protobuf.ByteString$BoundedByteString: long serialVersionUID
androidx.appcompat.view.menu.ListMenuItemView: void setTitle(java.lang.CharSequence)
androidx.activity.ComponentActivity: ComponentActivity()
androidx.lifecycle.Lifecycle$Event: androidx.lifecycle.Lifecycle$Event valueOf(java.lang.String)
kotlinx.coroutines.flow.internal.AbortFlowException
com.google.android.material.textfield.TextInputLayout: void setBoxBackgroundColorStateList(android.content.res.ColorStateList)
com.google.android.material.textfield.TextInputLayout: void setErrorIconOnClickListener(android.view.View$OnClickListener)
com.google.android.gms.internal.measurement.zzbv$zzb: boolean zzi
org.joda.time.DateTime: long serialVersionUID
androidx.appcompat.view.menu.ExpandedMenuView: ExpandedMenuView(android.content.Context,android.util.AttributeSet)
com.google.gson.internal.LinkedTreeMap
androidx.recyclerview.widget.RecyclerView: boolean getPreserveFocusAfterLayout()
kotlin.coroutines.intrinsics.CoroutineSingletons: kotlin.coroutines.intrinsics.CoroutineSingletons[] values()
androidx.appcompat.widget.AppCompatSpinner: void setPopupBackgroundResource(int)
com.google.android.material.behavior.HideBottomViewOnScrollBehavior
com.github.ybq.android.spinkit.Style: com.github.ybq.android.spinkit.Style[] values()
androidx.appcompat.widget.ActivityChooserView$InnerLayout
androidx.core.widget.NestedScrollView$SavedState
com.google.android.material.button.MaterialButton: int getStrokeWidth()
com.google.android.material.textfield.TextInputLayout: int getBaseline()
kotlin.coroutines.EmptyCoroutineContext: java.lang.Object readResolve()
com.google.android.gms.internal.measurement.zzcd$zzj: int zzc
androidx.appcompat.widget.AppCompatTextView: void setFirstBaselineToTopHeight(int)
com.github.mikephil.charting.charts.BarLineChartBase: void setVisibleXRangeMinimum(float)
com.google.android.gms.common.api.GoogleApiActivity: GoogleApiActivity()
androidx.appcompat.widget.AppCompatImageView: void setSupportImageTintMode(android.graphics.PorterDuff$Mode)
androidx.appcompat.widget.AlertDialogLayout: AlertDialogLayout(android.content.Context,android.util.AttributeSet)
androidx.recyclerview.widget.StaggeredGridLayoutManager$SavedState: android.os.Parcelable$Creator CREATOR
com.github.mikephil.charting.charts.LineChart: LineChart(android.content.Context,android.util.AttributeSet)
androidx.lifecycle.ProcessLifecycleOwner$3$1: void onActivityPostStarted(android.app.Activity)
androidx.work.impl.background.systemalarm.ConstraintProxy$BatteryChargingProxy
com.google.android.gms.common.server.response.FastParser$ParseException
org.joda.time.base.BasePeriod: long serialVersionUID
com.github.mikephil.charting.charts.BarLineChartBase: com.github.mikephil.charting.components.YAxis getAxisLeft()
androidx.appcompat.widget.AppCompatButton: void setSupportAllCaps(boolean)
com.google.android.gms.auth.api.signin.internal.GoogleSignInOptionsExtensionParcelable
com.google.firebase.crashlytics.CrashlyticsRegistrar
com.google.android.material.textfield.TextInputLayout: void setBoxStrokeColorStateList(android.content.res.ColorStateList)
com.flaviofaria.kenburnsview.KenBurnsView: void setScaleType(android.widget.ImageView$ScaleType)
androidx.appcompat.widget.AppCompatAutoCompleteTextView: android.graphics.PorterDuff$Mode getSupportBackgroundTintMode()
com.google.android.material.bottomappbar.BottomAppBar: android.content.res.ColorStateList getBackgroundTint()
org.joda.time.field.SkipUndoDateTimeField
kotlin.coroutines.CombinedContext: java.lang.Object writeReplace()
com.google.android.material.datepicker.DateValidatorPointBackward
androidx.appcompat.widget.AppCompatEditText: void setSupportBackgroundTintMode(android.graphics.PorterDuff$Mode)
androidx.vectordrawable.graphics.drawable.VectorDrawableCompat$VGroup: void setScaleX(float)
androidx.appcompat.widget.AppCompatImageView: android.content.res.ColorStateList getSupportImageTintList()