app/unused.txt
com.kgeun.themeparkers.view.TPAlarmActivity:
    public final void setBinding(com.kgeun.themeparkers.databinding.ActivityAlarmBinding)
    public void _$_clearFindViewByIdCache()
com.kgeun.themeparkers.databinding.ActivityMainBindingImpl:
    public boolean setVariable(int,java.lang.Object)
    protected boolean onFieldChange(int,java.lang.Object,int)
com.kgeun.themeparkers.databinding.ListItemArticlesInMainTopBindingImpl:
    public boolean setVariable(int,java.lang.Object)
    protected boolean onFieldChange(int,java.lang.Object,int)
com.kgeun.themeparkers.data.ShowTimeItem$Companion:
    public final kotlinx.serialization.KSerializer serializer()
com.kgeun.themeparkers.databinding.ListItemRideCategoryTitleBinding:
    public static com.kgeun.themeparkers.databinding.ListItemRideCategoryTitleBinding inflate(android.view.LayoutInflater)
    public static com.kgeun.themeparkers.databinding.ListItemRideCategoryTitleBinding inflate(android.view.LayoutInflater,java.lang.Object)
    public static com.kgeun.themeparkers.databinding.ListItemRideCategoryTitleBinding bind(android.view.View)
    public static com.kgeun.themeparkers.databinding.ListItemRideCategoryTitleBinding bind(android.view.View,java.lang.Object)
    public java.lang.String getCategoryTitle()
    public java.lang.String getCategoryTitleEn()
com.kgeun.themeparkers.data.AppDatabase$Companion$buildDatabase$1
com.kgeun.themeparkers.databinding.ActivityAttractionBindingImpl:
    public boolean setVariable(int,java.lang.Object)
    protected boolean onFieldChange(int,java.lang.Object,int)
com.kgeun.themeparkers.util.DIUtilKt:
    public static final org.koin.core.module.Module getModulePart()
    public static final void setModulePart(org.koin.core.module.Module)
    public static final void setDiModule(java.util.List)
com.kgeun.themeparkers.view.TPImageViewerActivity:
    public static final synthetic void access$setMapMarker$p(com.kgeun.themeparkers.view.TPImageViewerActivity,boolean)
    public final int getBLeftMargin()
    public final void setBLeftMargin(int)
    public final int getBTopMargin()
    public final void setBTopMargin(int)
    public void _$_clearFindViewByIdCache()
    private int bLeftMargin
    private int bTopMargin
com.kgeun.themeparkers.network.KR_EVLDynamicResponse$DynamicResult
com.kgeun.themeparkers.data.StatisticItem:
    public void <init>(java.util.ArrayList,java.util.ArrayList,long,java.lang.String)
    public static synthetic com.kgeun.themeparkers.data.StatisticItem copy$default(com.kgeun.themeparkers.data.StatisticItem,java.util.ArrayList,java.util.ArrayList,long,java.lang.String,int,java.lang.Object)
    public final java.util.ArrayList component1()
    public final java.util.ArrayList component2()
    public final long component3()
    public final java.lang.String component4()
    public final com.kgeun.themeparkers.data.StatisticItem copy(java.util.ArrayList,java.util.ArrayList,long,java.lang.String)
com.kgeun.themeparkers.data.AttractionRepository$findTPNameByTPCode$$inlined$inject$1
com.kgeun.themeparkers.R$drawable
com.kgeun.themeparkers.adapter.AtrDiffCallback
com.kgeun.themeparkers.DataBindingTriggerClass
com.kgeun.themeparkers.TPApplication:
    private final void setNanumGothicTypeface()
    public static final synthetic void access$setInstance$cp(com.kgeun.themeparkers.TPApplication)
    public final android.graphics.Typeface getTypeface()
    public final android.graphics.Typeface getTypefaceBold()
    private boolean isMainRunning
    private boolean isVerifyPasswordRunning
    private android.graphics.Typeface mTypeface
    private android.graphics.Typeface mTypefaceBold
...
kotlin.collections.UByteIterator
io.reactivex.internal.disposables.DisposableHelper:
    public static boolean isDisposed(io.reactivex.disposables.Disposable)
    public static boolean set(java.util.concurrent.atomic.AtomicReference,io.reactivex.disposables.Disposable)
    public static boolean trySet(java.util.concurrent.atomic.AtomicReference,io.reactivex.disposables.Disposable)
    public boolean isDisposed()
kotlinx.coroutines.channels.Channel$Factory
org.koin.androidx.scope.R$id
kotlinx.coroutines.RunnableKt$Runnable$1
com.google.firebase.abt.AbtExperimentInfo:
    static void validateAbtExperimentInfo(com.google.firebase.abt.AbtExperimentInfo)
    static com.google.firebase.abt.AbtExperimentInfo fromConditionalUserProperty(com.google.firebase.analytics.connector.AnalyticsConnector$ConditionalUserProperty)
    java.lang.String getVariantId()
    java.lang.String getTriggerEventName()
    long getTriggerTimeoutInMillis()
    long getTimeToLiveInMillis()
    java.util.Map toStringMap()
    static final java.lang.String EXPERIMENT_ID_KEY
    static final java.lang.String VARIANT_ID_KEY
    static final java.lang.String TRIGGER_EVENT_KEY
    static final java.lang.String EXPERIMENT_START_TIME_KEY
    static final java.lang.String TRIGGER_TIMEOUT_KEY
    static final java.lang.String TIME_TO_LIVE_KEY
com.google.protobuf.Mixin
androidx.browser.customtabs.CustomTabsService$FilePurpose
com.google.android.gms.common.api.internal.zav
kotlin.jvm.internal.TypeReference:
    public java.util.List getAnnotations()
com.google.android.datatransport.runtime.scheduling.jobscheduling.AlarmManagerScheduler:
    private static final java.lang.String LOG_TAG
    static final java.lang.String ATTEMPT_NUMBER
    static final java.lang.String BACKEND_NAME
    static final java.lang.String EVENT_PRIORITY
    static final java.lang.String EXTRAS
androidx.lifecycle.SavedStateHandle$SavingStateLiveData
kotlin.sequences.SequencesKt__SequencesKt$flatten$3
com.google.firebase.installations.R$drawable
androidx.core.util.SparseBooleanArrayKt$valueIterator$1
io.reactivex.internal.operators.observable.BlockingObservableNext$NextObserver
androidx.core.app.RemoteActionCompat:
    public void <init>(androidx.core.graphics.drawable.IconCompat,java.lang.CharSequence,java.lang.CharSequence,android.app.PendingIntent)
    public void <init>(androidx.core.app.RemoteActionCompat)
    public static androidx.core.app.RemoteActionCompat createFromRemoteAction(android.app.RemoteAction)
    public void setEnabled(boolean)
    public boolean isEnabled()
    public void setShouldShowIcon(boolean)
    public boolean shouldShowIcon()
    public androidx.core.graphics.drawable.IconCompat getIcon()
    public java.lang.CharSequence getTitle()
    public java.lang.CharSequence getContentDescription()
    public android.app.PendingIntent getActionIntent()
    public android.app.RemoteAction toRemoteAction()
io.reactivex.internal.operators.observable.ObservableHide
androidx.fragment.R$string
com.otaliastudios.zoom.ZoomEngine$Callbacks$onMatrixSizeChanged$3
com.google.firebase.crashlytics.internal.common.CrashlyticsReportDataCapture:
    public com.google.firebase.crashlytics.internal.model.CrashlyticsReport captureReportData()
    private static final int GENERATOR_TYPE
    private static final int REPORT_ANDROID_PLATFORM
    private static final int SESSION_ANDROID_PLATFORM
    private static final java.lang.String SIGNAL_DEFAULT
com.google.android.gms.common.server.response.zak:
    public void <init>(java.lang.Class)
    public final void zacs()
    public final void zaa(java.lang.Class,java.util.Map)
    public final boolean zaa(java.lang.Class)
com.bumptech.glide.load.Key:
    public static final java.lang.String STRING_CHARSET_NAME